  [1m[35m (0.2ms)[0m  [1m[35mDROP DATABASE IF EXISTS "TaskList_development"[0m
  ↳ bin/rails:9
  [1m[35m (0.2ms)[0m  [1m[35mDROP DATABASE IF EXISTS "TaskList_test"[0m
  ↳ bin/rails:9
  [1m[35m (590.4ms)[0m  [1m[35mCREATE DATABASE "TaskList_development" ENCODING = 'unicode'[0m
  ↳ bin/rails:9
  [1m[35m (809.4ms)[0m  [1m[35mCREATE DATABASE "TaskList_test" ENCODING = 'unicode'[0m
  ↳ bin/rails:9
Started GET "/" for 127.0.0.1 at 2018-09-17 13:59:51 -0700
Processing by Rails::WelcomeController#index as HTML
  Rendering /Users/ellejohnnie/.rvm/gems/ruby-2.5.1/gems/railties-5.2.1/lib/rails/templates/rails/welcome/index.html.erb
  Rendered /Users/ellejohnnie/.rvm/gems/ruby-2.5.1/gems/railties-5.2.1/lib/rails/templates/rails/welcome/index.html.erb (7.5ms)
Completed 200 OK in 40ms (Views: 25.7ms | ActiveRecord: 0.0ms)


Started GET "/tasks" for 127.0.0.1 at 2018-09-17 14:14:35 -0700

ArgumentError - 'Tasks' is not a supported controller name. This can lead to potential routing problems. See http://guides.rubyonrails.org/routing.html#specifying-a-controller-to-use:
  config/routes.rb:2:in `block in <main>'
  config/routes.rb:1:in `<main>'

Started POST "/__better_errors/88bd015e74f1e94a/variables" for 127.0.0.1 at 2018-09-17 14:14:46 -0700
Started GET "/tasks" for 127.0.0.1 at 2018-09-17 14:16:42 -0700
  
ActionController::RoutingError (No route matches [GET] "/tasks"):
  
actionpack (5.2.1) lib/action_dispatch/middleware/debug_exceptions.rb:65:in `call'
web-console (3.7.0) lib/web_console/middleware.rb:135:in `call_app'
web-console (3.7.0) lib/web_console/middleware.rb:30:in `block in call'
web-console (3.7.0) lib/web_console/middleware.rb:20:in `catch'
web-console (3.7.0) lib/web_console/middleware.rb:20:in `call'
actionpack (5.2.1) lib/action_dispatch/middleware/show_exceptions.rb:33:in `call'
railties (5.2.1) lib/rails/rack/logger.rb:38:in `call_app'
railties (5.2.1) lib/rails/rack/logger.rb:26:in `block in call'
activesupport (5.2.1) lib/active_support/tagged_logging.rb:71:in `block in tagged'
activesupport (5.2.1) lib/active_support/tagged_logging.rb:28:in `tagged'
activesupport (5.2.1) lib/active_support/tagged_logging.rb:71:in `tagged'
railties (5.2.1) lib/rails/rack/logger.rb:26:in `call'
sprockets-rails (3.2.1) lib/sprockets/rails/quiet_assets.rb:13:in `call'
actionpack (5.2.1) lib/action_dispatch/middleware/remote_ip.rb:81:in `call'
actionpack (5.2.1) lib/action_dispatch/middleware/request_id.rb:27:in `call'
rack (2.0.5) lib/rack/method_override.rb:22:in `call'
rack (2.0.5) lib/rack/runtime.rb:22:in `call'
activesupport (5.2.1) lib/active_support/cache/strategy/local_cache_middleware.rb:29:in `call'
actionpack (5.2.1) lib/action_dispatch/middleware/executor.rb:14:in `call'
actionpack (5.2.1) lib/action_dispatch/middleware/static.rb:127:in `call'
rack (2.0.5) lib/rack/sendfile.rb:111:in `call'
railties (5.2.1) lib/rails/engine.rb:524:in `call'
puma (3.12.0) lib/puma/configuration.rb:225:in `call'
puma (3.12.0) lib/puma/server.rb:658:in `handle_request'
puma (3.12.0) lib/puma/server.rb:472:in `process_client'
puma (3.12.0) lib/puma/server.rb:332:in `block in run'
puma (3.12.0) lib/puma/thread_pool.rb:133:in `block in spawn_thread'
Started GET "/tasks" for 127.0.0.1 at 2018-09-17 14:22:59 -0700

ArgumentError - 'Tasks' is not a supported controller name. This can lead to potential routing problems. See http://guides.rubyonrails.org/routing.html#specifying-a-controller-to-use:
  config/routes.rb:2:in `block in <main>'
  config/routes.rb:1:in `<main>'

Started POST "/__better_errors/17cfb057a3aef38d/variables" for 127.0.0.1 at 2018-09-17 14:22:59 -0700
Started GET "/" for 127.0.0.1 at 2018-09-17 14:23:14 -0700
  
ActionController::RoutingError (No route matches [GET] "/"):
  
actionpack (5.2.1) lib/action_dispatch/middleware/debug_exceptions.rb:65:in `call'
web-console (3.7.0) lib/web_console/middleware.rb:135:in `call_app'
web-console (3.7.0) lib/web_console/middleware.rb:30:in `block in call'
web-console (3.7.0) lib/web_console/middleware.rb:20:in `catch'
web-console (3.7.0) lib/web_console/middleware.rb:20:in `call'
actionpack (5.2.1) lib/action_dispatch/middleware/show_exceptions.rb:33:in `call'
railties (5.2.1) lib/rails/rack/logger.rb:38:in `call_app'
railties (5.2.1) lib/rails/rack/logger.rb:26:in `block in call'
activesupport (5.2.1) lib/active_support/tagged_logging.rb:71:in `block in tagged'
activesupport (5.2.1) lib/active_support/tagged_logging.rb:28:in `tagged'
activesupport (5.2.1) lib/active_support/tagged_logging.rb:71:in `tagged'
railties (5.2.1) lib/rails/rack/logger.rb:26:in `call'
sprockets-rails (3.2.1) lib/sprockets/rails/quiet_assets.rb:13:in `call'
actionpack (5.2.1) lib/action_dispatch/middleware/remote_ip.rb:81:in `call'
actionpack (5.2.1) lib/action_dispatch/middleware/request_id.rb:27:in `call'
rack (2.0.5) lib/rack/method_override.rb:22:in `call'
rack (2.0.5) lib/rack/runtime.rb:22:in `call'
activesupport (5.2.1) lib/active_support/cache/strategy/local_cache_middleware.rb:29:in `call'
actionpack (5.2.1) lib/action_dispatch/middleware/executor.rb:14:in `call'
actionpack (5.2.1) lib/action_dispatch/middleware/static.rb:127:in `call'
rack (2.0.5) lib/rack/sendfile.rb:111:in `call'
railties (5.2.1) lib/rails/engine.rb:524:in `call'
puma (3.12.0) lib/puma/configuration.rb:225:in `call'
puma (3.12.0) lib/puma/server.rb:658:in `handle_request'
puma (3.12.0) lib/puma/server.rb:472:in `process_client'
puma (3.12.0) lib/puma/server.rb:332:in `block in run'
puma (3.12.0) lib/puma/thread_pool.rb:133:in `block in spawn_thread'
Started GET "/" for 127.0.0.1 at 2018-09-17 14:24:43 -0700
Processing by Rails::WelcomeController#index as HTML
  Rendering /Users/ellejohnnie/.rvm/gems/ruby-2.5.1/gems/railties-5.2.1/lib/rails/templates/rails/welcome/index.html.erb
  Rendered /Users/ellejohnnie/.rvm/gems/ruby-2.5.1/gems/railties-5.2.1/lib/rails/templates/rails/welcome/index.html.erb (13.4ms)
Completed 200 OK in 27ms (Views: 18.0ms | ActiveRecord: 0.0ms)


Started GET "/tasks" for 127.0.0.1 at 2018-09-17 14:24:49 -0700
Processing by TasksController#index as HTML
  Rendering tasks/index.html.erb within layouts/application
  Rendered tasks/index.html.erb within layouts/application (7.3ms)
Completed 500 Internal Server Error in 21ms (ActiveRecord: 0.0ms)



NoMethodError - undefined method `times' for #<Array:0x00007f9fd46056a0>:
  app/views/tasks/index.html.erb:4:in `_app_views_tasks_index_html_erb___2565497759395000482_70162216231760'

Started POST "/__better_errors/58c72f81a16b2315/variables" for 127.0.0.1 at 2018-09-17 14:24:49 -0700
Started GET "/tasks" for 127.0.0.1 at 2018-09-17 14:25:43 -0700
Processing by TasksController#index as HTML
  Rendering tasks/index.html.erb within layouts/application
  Rendered tasks/index.html.erb within layouts/application (0.4ms)
Completed 200 OK in 323ms (Views: 318.9ms | ActiveRecord: 0.0ms)


Started GET "/tasks" for 127.0.0.1 at 2018-09-17 14:26:24 -0700
Processing by TasksController#index as HTML
  Rendering tasks/index.html.erb within layouts/application
  Rendered tasks/index.html.erb within layouts/application (0.7ms)
Completed 200 OK in 53ms (Views: 47.5ms | ActiveRecord: 0.0ms)


Started GET "/tasks" for 127.0.0.1 at 2018-09-17 14:27:43 -0700
Processing by TasksController#index as HTML
  Rendering tasks/index.html.erb within layouts/application
  Rendered tasks/index.html.erb within layouts/application (0.6ms)
Completed 200 OK in 90ms (Views: 84.9ms | ActiveRecord: 0.0ms)


Started GET "/tasks" for 127.0.0.1 at 2018-09-17 14:31:21 -0700
Processing by TasksController#index as HTML
  Rendering tasks/index.html.erb within layouts/application
  Rendered tasks/index.html.erb within layouts/application (0.5ms)
Completed 200 OK in 105ms (Views: 99.2ms | ActiveRecord: 0.0ms)


Started GET "/tasks" for 127.0.0.1 at 2018-09-17 14:32:21 -0700
Processing by TasksController#index as HTML
  Rendering tasks/index.html.erb within layouts/application
  Rendered tasks/index.html.erb within layouts/application (0.7ms)
Completed 200 OK in 165ms (Views: 159.8ms | ActiveRecord: 0.0ms)


Started GET "/tasks" for 127.0.0.1 at 2018-09-17 14:32:56 -0700
Processing by TasksController#index as HTML
  Rendering tasks/index.html.erb within layouts/application
  Rendered tasks/index.html.erb within layouts/application (11.9ms)
Completed 200 OK in 88ms (Views: 82.3ms | ActiveRecord: 0.0ms)


Started GET "/tasks" for 127.0.0.1 at 2018-09-17 14:33:16 -0700
Processing by TasksController#index as HTML
  Rendering tasks/index.html.erb within layouts/application
  Rendered tasks/index.html.erb within layouts/application (1.1ms)
Completed 200 OK in 94ms (Views: 89.7ms | ActiveRecord: 0.0ms)


Started GET "/tasks" for 127.0.0.1 at 2018-09-17 14:34:27 -0700
Processing by TasksController#index as HTML
  Rendering tasks/index.html.erb within layouts/application
  Rendered tasks/index.html.erb within layouts/application (0.6ms)
Completed 200 OK in 105ms (Views: 98.6ms | ActiveRecord: 0.0ms)


Started GET "/tasks" for 127.0.0.1 at 2018-09-17 14:34:43 -0700
Processing by TasksController#index as HTML
  Rendering tasks/index.html.erb within layouts/application
  Rendered tasks/index.html.erb within layouts/application (1.1ms)
Completed 200 OK in 105ms (Views: 100.5ms | ActiveRecord: 0.0ms)


Started GET "/tasks" for 127.0.0.1 at 2018-09-17 14:35:11 -0700
Processing by TasksController#index as HTML
  Rendering tasks/index.html.erb within layouts/application
  Rendered tasks/index.html.erb within layouts/application (0.8ms)
Completed 200 OK in 142ms (Views: 135.7ms | ActiveRecord: 0.0ms)


Started GET "/tasks" for 127.0.0.1 at 2018-09-17 14:35:54 -0700
Processing by TasksController#index as HTML
  Rendering tasks/index.html.erb within layouts/application
  Rendered tasks/index.html.erb within layouts/application (0.8ms)
Completed 200 OK in 74ms (Views: 69.0ms | ActiveRecord: 0.0ms)


Started GET "/tasks" for 127.0.0.1 at 2018-09-17 14:36:50 -0700
Processing by TasksController#index as HTML
  Rendering tasks/index.html.erb within layouts/application
  Rendered tasks/index.html.erb within layouts/application (0.7ms)
Completed 500 Internal Server Error in 53ms (ActiveRecord: 0.0ms)



Sass::SyntaxError - Invalid CSS after "  display: flex": expected "{", was ";":
  app/views/layouts/application.html.erb:8:in `_app_views_layouts_application_html_erb__1262282398314386700_70162252106660'

Started POST "/__better_errors/a944a60c6e4deece/variables" for 127.0.0.1 at 2018-09-17 14:36:50 -0700
Started GET "/tasks" for 127.0.0.1 at 2018-09-17 14:36:59 -0700
Processing by TasksController#index as HTML
  Rendering tasks/index.html.erb within layouts/application
  Rendered tasks/index.html.erb within layouts/application (1.4ms)
Completed 200 OK in 66ms (Views: 61.7ms | ActiveRecord: 0.0ms)


Started GET "/tasks" for 127.0.0.1 at 2018-09-17 14:37:14 -0700
Processing by TasksController#index as HTML
  Rendering tasks/index.html.erb within layouts/application
  Rendered tasks/index.html.erb within layouts/application (0.9ms)
Completed 200 OK in 84ms (Views: 79.4ms | ActiveRecord: 0.0ms)


Started GET "/books/index" for 127.0.0.1 at 2018-09-17 14:48:28 -0700
  
ActionController::RoutingError (No route matches [GET] "/books/index"):
  
actionpack (5.2.1) lib/action_dispatch/middleware/debug_exceptions.rb:65:in `call'
web-console (3.7.0) lib/web_console/middleware.rb:135:in `call_app'
web-console (3.7.0) lib/web_console/middleware.rb:30:in `block in call'
web-console (3.7.0) lib/web_console/middleware.rb:20:in `catch'
web-console (3.7.0) lib/web_console/middleware.rb:20:in `call'
actionpack (5.2.1) lib/action_dispatch/middleware/show_exceptions.rb:33:in `call'
railties (5.2.1) lib/rails/rack/logger.rb:38:in `call_app'
railties (5.2.1) lib/rails/rack/logger.rb:26:in `block in call'
activesupport (5.2.1) lib/active_support/tagged_logging.rb:71:in `block in tagged'
activesupport (5.2.1) lib/active_support/tagged_logging.rb:28:in `tagged'
activesupport (5.2.1) lib/active_support/tagged_logging.rb:71:in `tagged'
railties (5.2.1) lib/rails/rack/logger.rb:26:in `call'
sprockets-rails (3.2.1) lib/sprockets/rails/quiet_assets.rb:13:in `call'
actionpack (5.2.1) lib/action_dispatch/middleware/remote_ip.rb:81:in `call'
actionpack (5.2.1) lib/action_dispatch/middleware/request_id.rb:27:in `call'
rack (2.0.5) lib/rack/method_override.rb:22:in `call'
rack (2.0.5) lib/rack/runtime.rb:22:in `call'
activesupport (5.2.1) lib/active_support/cache/strategy/local_cache_middleware.rb:29:in `call'
actionpack (5.2.1) lib/action_dispatch/middleware/executor.rb:14:in `call'
actionpack (5.2.1) lib/action_dispatch/middleware/static.rb:127:in `call'
rack (2.0.5) lib/rack/sendfile.rb:111:in `call'
railties (5.2.1) lib/rails/engine.rb:524:in `call'
puma (3.12.0) lib/puma/configuration.rb:225:in `call'
puma (3.12.0) lib/puma/server.rb:658:in `handle_request'
puma (3.12.0) lib/puma/server.rb:472:in `process_client'
puma (3.12.0) lib/puma/server.rb:332:in `block in run'
puma (3.12.0) lib/puma/thread_pool.rb:133:in `block in spawn_thread'
Started GET "/tasks" for 127.0.0.1 at 2018-09-17 14:50:45 -0700
Processing by TasksController#index as HTML
  Rendering tasks/index.html.erb within layouts/application
  Rendered tasks/index.html.erb within layouts/application (1.0ms)
Completed 200 OK in 149ms (Views: 143.8ms | ActiveRecord: 0.0ms)


Started GET "/tasks" for 127.0.0.1 at 2018-09-17 14:50:57 -0700
Processing by TasksController#index as HTML
  Rendering tasks/index.html.erb within layouts/application
  Rendered tasks/index.html.erb within layouts/application (0.6ms)
Completed 200 OK in 108ms (Views: 103.6ms | ActiveRecord: 0.0ms)


Started GET "/tasks" for 127.0.0.1 at 2018-09-17 14:50:59 -0700
Processing by TasksController#index as HTML
  Rendering tasks/index.html.erb within layouts/application
  Rendered tasks/index.html.erb within layouts/application (0.7ms)
Completed 200 OK in 36ms (Views: 32.5ms | ActiveRecord: 0.0ms)


Started GET "/tasks/show" for 127.0.0.1 at 2018-09-18 14:32:01 -0700
Processing by TasksController#show as HTML
  Parameters: {"id"=>"show"}
Completed 404 Not Found in 11ms (ActiveRecord: 0.0ms)


  [1m[35m (472.9ms)[0m  [1m[35mCREATE TABLE "schema_migrations" ("version" character varying NOT NULL PRIMARY KEY)[0m
  ↳ bin/rails:9
  [1m[35m (37.5ms)[0m  [1m[35mCREATE TABLE "ar_internal_metadata" ("key" character varying NOT NULL PRIMARY KEY, "value" character varying, "created_at" timestamp NOT NULL, "updated_at" timestamp NOT NULL)[0m
  ↳ bin/rails:9
  [1m[35m (0.3ms)[0m  [1m[34mSELECT pg_try_advisory_lock(4169262226251541860)[0m
  ↳ bin/rails:9
  [1m[35m (6.8ms)[0m  [1m[34mSELECT "schema_migrations"."version" FROM "schema_migrations" ORDER BY "schema_migrations"."version" ASC[0m
  ↳ bin/rails:9
Migrating to CreateTasks (20180918213826)
  [1m[35m (0.3ms)[0m  [1m[34mSELECT pg_advisory_unlock(4169262226251541860)[0m
  ↳ bin/rails:9
  [1m[35m (0.8ms)[0m  [1m[34mSELECT "schema_migrations"."version" FROM "schema_migrations" ORDER BY "schema_migrations"."version" ASC[0m
  ↳ bin/rails:9
  [1m[35m (0.5ms)[0m  [1m[34mSELECT "schema_migrations"."version" FROM "schema_migrations" ORDER BY "schema_migrations"."version" ASC[0m
  ↳ bin/rails:9
  [1m[35m (7528.5ms)[0m  [1m[35mDROP DATABASE IF EXISTS "TaskList_development"[0m
  ↳ bin/rails:9
  [1m[35m (0.5ms)[0m  [1m[34mSELECT "schema_migrations"."version" FROM "schema_migrations" ORDER BY "schema_migrations"."version" ASC[0m
  ↳ bin/rails:9
  [1m[35m (0.5ms)[0m  [1m[34mSELECT "schema_migrations"."version" FROM "schema_migrations" ORDER BY "schema_migrations"."version" ASC[0m
  ↳ bin/rails:9
  [1m[35m (0.2ms)[0m  [1m[34mSELECT pg_try_advisory_lock(4169262226251541860)[0m
  ↳ bin/rails:9
  [1m[35m (1.1ms)[0m  [1m[34mSELECT "schema_migrations"."version" FROM "schema_migrations" ORDER BY "schema_migrations"."version" ASC[0m
  ↳ bin/rails:9
Migrating to CreateTasks (20180918213826)
  [1m[35m (0.5ms)[0m  [1m[34mSELECT pg_advisory_unlock(4169262226251541860)[0m
  ↳ bin/rails:9
  [1m[35m (0.2ms)[0m  [1m[34mSELECT pg_try_advisory_lock(4169262226251541860)[0m
  ↳ bin/rails:9
  [1m[35m (1.1ms)[0m  [1m[34mSELECT "schema_migrations"."version" FROM "schema_migrations" ORDER BY "schema_migrations"."version" ASC[0m
  ↳ bin/rails:9
Migrating to CreateTasks (20180918213826)
  [1m[35m (0.3ms)[0m  [1m[35mBEGIN[0m
  ↳ bin/rails:9
  [1m[35m (47.2ms)[0m  [1m[35mCREATE TABLE "tasks" ("id" bigserial primary key, "item" character varying, "description" character varying, "completion_date" character varying, "created_at" timestamp NOT NULL, "updated_at" timestamp NOT NULL)[0m
  ↳ db/migrate/20180918213826_create_tasks.rb:3
  [1m[36mActiveRecord::SchemaMigration Create (0.8ms)[0m  [1m[32mINSERT INTO "schema_migrations" ("version") VALUES ($1) RETURNING "version"[0m  [["version", "20180918213826"]]
  ↳ bin/rails:9
  [1m[35m (5.4ms)[0m  [1m[35mCOMMIT[0m
  ↳ bin/rails:9
  [1m[36mActiveRecord::InternalMetadata Load (5.5ms)[0m  [1m[34mSELECT  "ar_internal_metadata".* FROM "ar_internal_metadata" WHERE "ar_internal_metadata"."key" = $1 LIMIT $2[0m  [["key", "environment"], ["LIMIT", 1]]
  ↳ bin/rails:9
  [1m[35m (0.2ms)[0m  [1m[35mBEGIN[0m
  ↳ bin/rails:9
  [1m[36mActiveRecord::InternalMetadata Create (0.5ms)[0m  [1m[32mINSERT INTO "ar_internal_metadata" ("key", "value", "created_at", "updated_at") VALUES ($1, $2, $3, $4) RETURNING "key"[0m  [["key", "environment"], ["value", "development"], ["created_at", "2018-09-18 21:49:37.794780"], ["updated_at", "2018-09-18 21:49:37.794780"]]
  ↳ bin/rails:9
  [1m[35m (2.1ms)[0m  [1m[35mCOMMIT[0m
  ↳ bin/rails:9
  [1m[35m (0.9ms)[0m  [1m[34mSELECT pg_advisory_unlock(4169262226251541860)[0m
  ↳ bin/rails:9
  [1m[35m (0.3ms)[0m  [1m[34mSELECT "schema_migrations"."version" FROM "schema_migrations" ORDER BY "schema_migrations"."version" ASC[0m
  ↳ bin/rails:9
  [1m[35m (0.3ms)[0m  [1m[35mBEGIN[0m
  [1m[36mTask Create (29.6ms)[0m  [1m[32mINSERT INTO "tasks" ("item", "description", "completion_date", "created_at", "updated_at") VALUES ($1, $2, $3, $4, $5) RETURNING "id"[0m  [["item", "Do CS reverse words in sentence"], ["description", "reverse all the words in a sentence in place"], ["completion_date", "Friday"], ["created_at", "2018-09-18 21:55:27.661776"], ["updated_at", "2018-09-18 21:55:27.661776"]]
  [1m[35m (6.0ms)[0m  [1m[35mCOMMIT[0m
  [1m[36mTask Load (0.5ms)[0m  [1m[34mSELECT "tasks".* FROM "tasks"[0m
  [1m[35m (0.3ms)[0m  [1m[35mBEGIN[0m
  [1m[36mTask Create (0.7ms)[0m  [1m[32mINSERT INTO "tasks" ("item", "description", "completion_date", "created_at", "updated_at") VALUES ($1, $2, $3, $4, $5) RETURNING "id"[0m  [["item", "note review"], ["description", "read the lecture notes on rails"], ["completion_date", "Wednesday"], ["created_at", "2018-09-18 21:56:55.002036"], ["updated_at", "2018-09-18 21:56:55.002036"]]
  [1m[35m (2.3ms)[0m  [1m[35mCOMMIT[0m
  [1m[35m (0.3ms)[0m  [1m[35mBEGIN[0m
  [1m[36mTask Create (0.6ms)[0m  [1m[32mINSERT INTO "tasks" ("item", "description", "completion_date", "created_at", "updated_at") VALUES ($1, $2, $3, $4, $5) RETURNING "id"[0m  [["item", "groceries"], ["description", "milk, cereal"], ["completion_date", "Thursday"], ["created_at", "2018-09-18 21:58:17.831772"], ["updated_at", "2018-09-18 21:58:17.831772"]]
  [1m[35m (2.5ms)[0m  [1m[35mCOMMIT[0m
  [1m[36mTask Load (0.7ms)[0m  [1m[34mSELECT "tasks".* FROM "tasks"[0m
Started GET "/" for 127.0.0.1 at 2018-09-18 14:58:40 -0700
  [1m[35m (1.4ms)[0m  [1m[34mSELECT "schema_migrations"."version" FROM "schema_migrations" ORDER BY "schema_migrations"."version" ASC[0m
  ↳ /Users/ellejohnnie/.rvm/gems/ruby-2.5.1@TaskListRails/gems/activerecord-5.2.1/lib/active_record/log_subscriber.rb:98
Processing by Rails::WelcomeController#index as HTML
  Rendering /Users/ellejohnnie/.rvm/gems/ruby-2.5.1@TaskListRails/gems/railties-5.2.1/lib/rails/templates/rails/welcome/index.html.erb
  Rendered /Users/ellejohnnie/.rvm/gems/ruby-2.5.1@TaskListRails/gems/railties-5.2.1/lib/rails/templates/rails/welcome/index.html.erb (8.8ms)
Completed 200 OK in 35ms (Views: 27.9ms | ActiveRecord: 0.0ms)


Started GET "/" for 127.0.0.1 at 2018-09-18 14:58:51 -0700
Processing by Rails::WelcomeController#index as HTML
  Rendering /Users/ellejohnnie/.rvm/gems/ruby-2.5.1@TaskListRails/gems/railties-5.2.1/lib/rails/templates/rails/welcome/index.html.erb
  Rendered /Users/ellejohnnie/.rvm/gems/ruby-2.5.1@TaskListRails/gems/railties-5.2.1/lib/rails/templates/rails/welcome/index.html.erb (3.9ms)
Completed 200 OK in 15ms (Views: 9.2ms | ActiveRecord: 0.0ms)


Started GET "/tasks" for 127.0.0.1 at 2018-09-18 14:58:58 -0700

SyntaxError - syntax error, unexpected tSYMBEG, expecting keyword_do or '{' or '('
...     render :notfound, status :not_found
...                              ^:
  app/controllers/tasks_controller.rb:24:in `'

Started POST "/__better_errors/9b54767c1a8d1247/variables" for 127.0.0.1 at 2018-09-18 14:58:58 -0700
Started GET "/tasks" for 127.0.0.1 at 2018-09-18 15:00:56 -0700

SyntaxError - syntax error, unexpected tSYMBEG, expecting keyword_do or '{' or '('
...     render :notfound, status :not_found
...                              ^:
  app/controllers/tasks_controller.rb:24:in `'

Started POST "/__better_errors/8cc96664b4ba88e7/variables" for 127.0.0.1 at 2018-09-18 15:00:56 -0700
Started GET "/tasks" for 127.0.0.1 at 2018-09-18 15:06:23 -0700
  [1m[35m (1.9ms)[0m  [1m[34mSELECT "schema_migrations"."version" FROM "schema_migrations" ORDER BY "schema_migrations"."version" ASC[0m
  ↳ /Users/ellejohnnie/.rvm/gems/ruby-2.5.1@TaskListRails/gems/activerecord-5.2.1/lib/active_record/log_subscriber.rb:98

SyntaxError - syntax error, unexpected tSYMBEG, expecting keyword_do or '{' or '('
...     render :notfound, status :not_found
...                              ^:
  app/controllers/tasks_controller.rb:24:in `'

Started POST "/__better_errors/c330fc038002bd2f/variables" for 127.0.0.1 at 2018-09-18 15:06:24 -0700
Started GET "/tasks" for 127.0.0.1 at 2018-09-18 15:07:51 -0700
Processing by TasksController#index as HTML
  Rendering tasks/index.html.erb within layouts/application
  [1m[36mTask Load (0.8ms)[0m  [1m[34mSELECT "tasks".* FROM "tasks"[0m
  ↳ app/views/tasks/index.html.erb:4
  Rendered tasks/index.html.erb within layouts/application (18.1ms)
Completed 200 OK in 576ms (Views: 551.3ms | ActiveRecord: 6.1ms)


Started GET "/tasks" for 127.0.0.1 at 2018-09-18 15:11:33 -0700
Processing by TasksController#index as HTML
  Rendering tasks/index.html.erb within layouts/application
  [1m[36mTask Load (0.5ms)[0m  [1m[34mSELECT "tasks".* FROM "tasks"[0m
  ↳ app/views/tasks/index.html.erb:4
  Rendered tasks/index.html.erb within layouts/application (2.7ms)
Completed 200 OK in 60ms (Views: 53.8ms | ActiveRecord: 0.5ms)


Started GET "/tasks/1" for 127.0.0.1 at 2018-09-18 15:11:39 -0700
Processing by TasksController#show as HTML
  Parameters: {"id"=>"1"}
Completed 500 Internal Server Error in 140ms (ActiveRecord: 0.0ms)



NoMethodError - undefined method `task' for #<TasksController:0x00007ff4e0740ec8>:
  app/controllers/tasks_controller.rb:22:in `show'

Started POST "/__better_errors/9a86f2c2429e262d/variables" for 127.0.0.1 at 2018-09-18 15:11:39 -0700
Started GET "/tasks/1" for 127.0.0.1 at 2018-09-18 15:12:14 -0700
Processing by TasksController#show as HTML
  Parameters: {"id"=>"1"}
  [1m[36mTask Load (0.5ms)[0m  [1m[34mSELECT  "tasks".* FROM "tasks" WHERE "tasks"."id" IS NULL LIMIT $1[0m  [["LIMIT", 1]]
  ↳ app/controllers/tasks_controller.rb:22
Completed 404 Not Found in 30ms (ActiveRecord: 8.8ms)



ActiveRecord::RecordNotFound - Couldn't find Task with 'id'={:id=>1}:
  app/controllers/tasks_controller.rb:22:in `show'

Started POST "/__better_errors/422e72233407fbed/variables" for 127.0.0.1 at 2018-09-18 15:12:14 -0700
Started GET "/tasks/1" for 127.0.0.1 at 2018-09-18 15:12:59 -0700
Processing by TasksController#show as HTML
  Parameters: {"id"=>"1"}
  [1m[36mTask Load (0.8ms)[0m  [1m[34mSELECT  "tasks".* FROM "tasks" WHERE "tasks"."id" = $1 LIMIT $2[0m  [["id", 1], ["LIMIT", 1]]
  ↳ app/controllers/tasks_controller.rb:22
  Rendering tasks/show.html.erb within layouts/application
  Rendered tasks/show.html.erb within layouts/application (0.4ms)
Completed 200 OK in 95ms (Views: 66.0ms | ActiveRecord: 9.6ms)


Started GET "/tasks" for 127.0.0.1 at 2018-09-18 15:13:20 -0700
Processing by TasksController#index as HTML
  Rendering tasks/index.html.erb within layouts/application
  [1m[36mTask Load (0.5ms)[0m  [1m[34mSELECT "tasks".* FROM "tasks"[0m
  ↳ app/views/tasks/index.html.erb:4
  Rendered tasks/index.html.erb within layouts/application (2.1ms)
Completed 200 OK in 39ms (Views: 33.5ms | ActiveRecord: 0.5ms)


Started GET "/tasks/2" for 127.0.0.1 at 2018-09-18 15:13:22 -0700
Processing by TasksController#show as HTML
  Parameters: {"id"=>"2"}
  [1m[36mTask Load (0.6ms)[0m  [1m[34mSELECT  "tasks".* FROM "tasks" WHERE "tasks"."id" = $1 LIMIT $2[0m  [["id", 2], ["LIMIT", 1]]
  ↳ app/controllers/tasks_controller.rb:22
  Rendering tasks/show.html.erb within layouts/application
  Rendered tasks/show.html.erb within layouts/application (0.6ms)
Completed 200 OK in 42ms (Views: 35.9ms | ActiveRecord: 0.6ms)


Started GET "/tasks/2" for 127.0.0.1 at 2018-09-18 15:13:45 -0700
Processing by TasksController#show as HTML
  Parameters: {"id"=>"2"}
  [1m[36mTask Load (1.7ms)[0m  [1m[34mSELECT  "tasks".* FROM "tasks" WHERE "tasks"."id" = $1 LIMIT $2[0m  [["id", 2], ["LIMIT", 1]]
  ↳ app/controllers/tasks_controller.rb:22
  Rendering tasks/show.html.erb within layouts/application
  Rendered tasks/show.html.erb within layouts/application (0.6ms)
Completed 200 OK in 55ms (Views: 44.5ms | ActiveRecord: 1.7ms)


Started GET "/tasks" for 127.0.0.1 at 2018-09-18 15:19:54 -0700
Processing by TasksController#index as HTML
  Rendering tasks/index.html.erb within layouts/application
  [1m[36mTask Load (0.6ms)[0m  [1m[34mSELECT "tasks".* FROM "tasks"[0m
  ↳ app/views/tasks/index.html.erb:4
  Rendered tasks/index.html.erb within layouts/application (3.1ms)
Completed 200 OK in 79ms (Views: 76.1ms | ActiveRecord: 0.6ms)


Started GET "/tasks/1" for 127.0.0.1 at 2018-09-18 15:20:09 -0700
Processing by TasksController#show as HTML
  Parameters: {"id"=>"1"}
  [1m[36mTask Load (0.4ms)[0m  [1m[34mSELECT  "tasks".* FROM "tasks" WHERE "tasks"."id" = $1 LIMIT $2[0m  [["id", 1], ["LIMIT", 1]]
  ↳ app/controllers/tasks_controller.rb:22
  Rendering tasks/show.html.erb within layouts/application
  Rendered tasks/show.html.erb within layouts/application (1.4ms)
Completed 200 OK in 54ms (Views: 45.1ms | ActiveRecord: 0.7ms)


Started GET "/" for 127.0.0.1 at 2018-09-18 15:21:35 -0700
Processing by Rails::WelcomeController#index as HTML
  Rendering /Users/ellejohnnie/.rvm/gems/ruby-2.5.1@TaskListRails/gems/railties-5.2.1/lib/rails/templates/rails/welcome/index.html.erb
  Rendered /Users/ellejohnnie/.rvm/gems/ruby-2.5.1@TaskListRails/gems/railties-5.2.1/lib/rails/templates/rails/welcome/index.html.erb (2.9ms)
Completed 200 OK in 20ms (Views: 13.1ms | ActiveRecord: 0.0ms)


Started GET "/" for 127.0.0.1 at 2018-09-18 15:21:36 -0700
Processing by Rails::WelcomeController#index as HTML
  Rendering /Users/ellejohnnie/.rvm/gems/ruby-2.5.1@TaskListRails/gems/railties-5.2.1/lib/rails/templates/rails/welcome/index.html.erb
  Rendered /Users/ellejohnnie/.rvm/gems/ruby-2.5.1@TaskListRails/gems/railties-5.2.1/lib/rails/templates/rails/welcome/index.html.erb (3.4ms)
Completed 200 OK in 11ms (Views: 7.1ms | ActiveRecord: 0.0ms)


Started GET "/tasks" for 127.0.0.1 at 2018-09-18 15:21:49 -0700
Processing by TasksController#index as HTML
  Rendering tasks/index.html.erb within layouts/application
  [1m[36mTask Load (0.4ms)[0m  [1m[34mSELECT "tasks".* FROM "tasks"[0m
  ↳ app/views/tasks/index.html.erb:4
  Rendered tasks/index.html.erb within layouts/application (3.1ms)
Completed 200 OK in 99ms (Views: 90.5ms | ActiveRecord: 0.4ms)


Started GET "/tasks" for 127.0.0.1 at 2018-09-18 15:22:25 -0700
Processing by TasksController#index as HTML
  Rendering tasks/index.html.erb within layouts/application
  [1m[36mTask Load (0.4ms)[0m  [1m[34mSELECT "tasks".* FROM "tasks"[0m
  ↳ app/views/tasks/index.html.erb:4
  Rendered tasks/index.html.erb within layouts/application (2.1ms)
Completed 200 OK in 89ms (Views: 75.6ms | ActiveRecord: 0.4ms)


Started GET "/tasks" for 127.0.0.1 at 2018-09-18 15:22:25 -0700
Processing by TasksController#index as HTML
  Rendering tasks/index.html.erb within layouts/application
  [1m[36mTask Load (0.4ms)[0m  [1m[34mSELECT "tasks".* FROM "tasks"[0m
  ↳ app/views/tasks/index.html.erb:4
  Rendered tasks/index.html.erb within layouts/application (3.5ms)
Completed 200 OK in 35ms (Views: 31.2ms | ActiveRecord: 0.4ms)


Started GET "/tasks/1" for 127.0.0.1 at 2018-09-18 15:22:30 -0700
Processing by TasksController#show as HTML
  Parameters: {"id"=>"1"}
  [1m[36mTask Load (0.4ms)[0m  [1m[34mSELECT  "tasks".* FROM "tasks" WHERE "tasks"."id" = $1 LIMIT $2[0m  [["id", 1], ["LIMIT", 1]]
  ↳ app/controllers/tasks_controller.rb:22
  Rendering tasks/show.html.erb within layouts/application
  Rendered tasks/show.html.erb within layouts/application (0.6ms)
Completed 200 OK in 37ms (Views: 31.8ms | ActiveRecord: 0.4ms)


Started GET "/tasks" for 127.0.0.1 at 2018-09-18 15:22:37 -0700
Processing by TasksController#index as HTML
  Rendering tasks/index.html.erb within layouts/application
  [1m[36mTask Load (23.3ms)[0m  [1m[34mSELECT "tasks".* FROM "tasks"[0m
  ↳ app/views/tasks/index.html.erb:4
  Rendered tasks/index.html.erb within layouts/application (25.4ms)
Completed 200 OK in 70ms (Views: 40.2ms | ActiveRecord: 23.3ms)


Started GET "/tasks/1" for 127.0.0.1 at 2018-09-18 15:23:36 -0700
Processing by TasksController#show as HTML
  Parameters: {"id"=>"1"}
  [1m[36mTask Load (0.5ms)[0m  [1m[34mSELECT  "tasks".* FROM "tasks" WHERE "tasks"."id" = $1 LIMIT $2[0m  [["id", 1], ["LIMIT", 1]]
  ↳ app/controllers/tasks_controller.rb:22
  Rendering tasks/show.html.erb within layouts/application
  Rendered tasks/show.html.erb within layouts/application (0.8ms)
Completed 200 OK in 67ms (Views: 59.4ms | ActiveRecord: 0.5ms)


Started GET "/tasks/3" for 127.0.0.1 at 2018-09-18 15:24:02 -0700
Processing by TasksController#show as HTML
  Parameters: {"id"=>"3"}
  [1m[36mTask Load (0.5ms)[0m  [1m[34mSELECT  "tasks".* FROM "tasks" WHERE "tasks"."id" = $1 LIMIT $2[0m  [["id", 3], ["LIMIT", 1]]
  ↳ app/controllers/tasks_controller.rb:22
  Rendering tasks/show.html.erb within layouts/application
  Rendered tasks/show.html.erb within layouts/application (0.5ms)
Completed 200 OK in 36ms (Views: 29.7ms | ActiveRecord: 0.5ms)


Started GET "/tasks" for 127.0.0.1 at 2018-09-18 15:24:17 -0700
Processing by TasksController#index as HTML
  Rendering tasks/index.html.erb within layouts/application
  [1m[36mTask Load (15.6ms)[0m  [1m[34mSELECT "tasks".* FROM "tasks"[0m
  ↳ app/views/tasks/index.html.erb:4
  Rendered tasks/index.html.erb within layouts/application (18.3ms)
Completed 200 OK in 89ms (Views: 65.3ms | ActiveRecord: 15.6ms)


Started GET "/tasks" for 127.0.0.1 at 2018-09-18 15:28:38 -0700
Processing by TasksController#index as HTML
  Rendering tasks/index.html.erb within layouts/application
  [1m[36mTask Load (0.8ms)[0m  [1m[34mSELECT "tasks".* FROM "tasks"[0m
  ↳ app/views/tasks/index.html.erb:4
  Rendered tasks/index.html.erb within layouts/application (3.3ms)
Completed 200 OK in 141ms (Views: 131.9ms | ActiveRecord: 0.8ms)


Started GET "/tasks/1" for 127.0.0.1 at 2018-09-18 15:28:42 -0700
Processing by TasksController#show as HTML
  Parameters: {"id"=>"1"}
  [1m[36mTask Load (6.1ms)[0m  [1m[34mSELECT  "tasks".* FROM "tasks" WHERE "tasks"."id" = $1 LIMIT $2[0m  [["id", 1], ["LIMIT", 1]]
  ↳ app/controllers/tasks_controller.rb:22
  Rendering tasks/show.html.erb within layouts/application
  Rendered tasks/show.html.erb within layouts/application (0.5ms)
Completed 200 OK in 43ms (Views: 27.5ms | ActiveRecord: 6.1ms)


Started GET "/tasks/1" for 127.0.0.1 at 2018-09-18 15:28:45 -0700
Processing by TasksController#show as HTML
  Parameters: {"id"=>"1"}
  [1m[36mTask Load (1.2ms)[0m  [1m[34mSELECT  "tasks".* FROM "tasks" WHERE "tasks"."id" = $1 LIMIT $2[0m  [["id", 1], ["LIMIT", 1]]
  ↳ app/controllers/tasks_controller.rb:22
  Rendering tasks/show.html.erb within layouts/application
  Rendered tasks/show.html.erb within layouts/application (0.9ms)
Completed 200 OK in 54ms (Views: 46.9ms | ActiveRecord: 1.2ms)


Started GET "/tasks/1" for 127.0.0.1 at 2018-09-18 15:28:46 -0700
Processing by TasksController#show as HTML
  Parameters: {"id"=>"1"}
  [1m[36mTask Load (1.7ms)[0m  [1m[34mSELECT  "tasks".* FROM "tasks" WHERE "tasks"."id" = $1 LIMIT $2[0m  [["id", 1], ["LIMIT", 1]]
  ↳ app/controllers/tasks_controller.rb:22
  Rendering tasks/show.html.erb within layouts/application
  Rendered tasks/show.html.erb within layouts/application (0.5ms)
Completed 200 OK in 33ms (Views: 25.0ms | ActiveRecord: 1.7ms)


Started GET "/tasks/1" for 127.0.0.1 at 2018-09-18 15:28:48 -0700
Processing by TasksController#show as HTML
  Parameters: {"id"=>"1"}
  [1m[36mTask Load (0.2ms)[0m  [1m[34mSELECT  "tasks".* FROM "tasks" WHERE "tasks"."id" = $1 LIMIT $2[0m  [["id", 1], ["LIMIT", 1]]
  ↳ app/controllers/tasks_controller.rb:22
  Rendering tasks/show.html.erb within layouts/application
  Rendered tasks/show.html.erb within layouts/application (0.6ms)
Completed 200 OK in 30ms (Views: 26.1ms | ActiveRecord: 0.2ms)


Started GET "/tasks/1" for 127.0.0.1 at 2018-09-18 15:29:57 -0700
Processing by TasksController#show as HTML
  Parameters: {"id"=>"1"}
  [1m[36mTask Load (0.4ms)[0m  [1m[34mSELECT  "tasks".* FROM "tasks" WHERE "tasks"."id" = $1 LIMIT $2[0m  [["id", 1], ["LIMIT", 1]]
  ↳ app/controllers/tasks_controller.rb:22
  Rendering tasks/show.html.erb within layouts/application
  Rendered tasks/show.html.erb within layouts/application (0.8ms)
Completed 200 OK in 71ms (Views: 65.0ms | ActiveRecord: 0.4ms)


Started GET "/tasks/1" for 127.0.0.1 at 2018-09-18 15:30:22 -0700
Processing by TasksController#show as HTML
  Parameters: {"id"=>"1"}
  [1m[36mTask Load (0.3ms)[0m  [1m[34mSELECT  "tasks".* FROM "tasks" WHERE "tasks"."id" = $1 LIMIT $2[0m  [["id", 1], ["LIMIT", 1]]
  ↳ app/controllers/tasks_controller.rb:22
  Rendering tasks/show.html.erb within layouts/application
  Rendered tasks/show.html.erb within layouts/application (0.7ms)
Completed 200 OK in 30ms (Views: 24.4ms | ActiveRecord: 0.3ms)


Started GET "/tasks" for 127.0.0.1 at 2018-09-18 15:31:01 -0700
Processing by TasksController#index as HTML
  Rendering tasks/index.html.erb within layouts/application
  [1m[36mTask Load (4.8ms)[0m  [1m[34mSELECT "tasks".* FROM "tasks"[0m
  ↳ app/views/tasks/index.html.erb:4
  Rendered tasks/index.html.erb within layouts/application (6.9ms)
Completed 200 OK in 71ms (Views: 53.7ms | ActiveRecord: 4.8ms)


